<?xml version="1.0" encoding="UTF-8"?>
<coverage generated="1638016774778" clover="3.2.0">
  <project timestamp="1638016774779" name="All files">
    <metrics statements="83" coveredstatements="57" conditionals="30" coveredconditionals="17" methods="14" coveredmethods="14" elements="127" coveredelements="88" complexity="0" loc="83" ncloc="83" packages="1" files="2" classes="2"/>
    <file name="fetchBooks.js" path="C:\Users\fudos\Desktop\test_design_patterns\fetchBooks.js">
      <metrics statements="9" coveredstatements="9" conditionals="0" coveredconditionals="0" methods="2" coveredmethods="2"/>
      <line num="1" count="2" type="stmt"/>
      <line num="4" count="2" type="stmt"/>
      <line num="5" count="2" type="stmt"/>
      <line num="6" count="2" type="stmt"/>
      <line num="7" count="2" type="stmt"/>
      <line num="8" count="198" type="stmt"/>
      <line num="10" count="2" type="stmt"/>
      <line num="15" count="2" type="stmt"/>
      <line num="17" count="2" type="stmt"/>
    </file>
    <file name="index.js" path="C:\Users\fudos\Desktop\test_design_patterns\index.js">
      <metrics statements="74" coveredstatements="48" conditionals="30" coveredconditionals="17" methods="12" coveredmethods="12"/>
      <line num="1" count="1" type="stmt"/>
      <line num="4" count="1" type="stmt"/>
      <line num="7" count="1" type="stmt"/>
      <line num="11" count="1" type="stmt"/>
      <line num="22" count="1" type="cond" truecount="1" falsecount="1"/>
      <line num="23" count="0" type="stmt"/>
      <line num="24" count="0" type="stmt"/>
      <line num="28" count="1" type="cond" truecount="1" falsecount="1"/>
      <line num="29" count="0" type="stmt"/>
      <line num="30" count="0" type="stmt"/>
      <line num="34" count="1" type="cond" truecount="1" falsecount="1"/>
      <line num="35" count="0" type="stmt"/>
      <line num="36" count="0" type="stmt"/>
      <line num="40" count="1" type="cond" truecount="1" falsecount="1"/>
      <line num="41" count="0" type="stmt"/>
      <line num="42" count="0" type="stmt"/>
      <line num="46" count="1" type="cond" truecount="1" falsecount="1"/>
      <line num="47" count="0" type="stmt"/>
      <line num="48" count="0" type="stmt"/>
      <line num="52" count="1" type="cond" truecount="1" falsecount="1"/>
      <line num="53" count="0" type="stmt"/>
      <line num="54" count="0" type="stmt"/>
      <line num="58" count="1" type="cond" truecount="1" falsecount="1"/>
      <line num="59" count="0" type="stmt"/>
      <line num="60" count="0" type="stmt"/>
      <line num="64" count="1" type="cond" truecount="1" falsecount="1"/>
      <line num="65" count="0" type="stmt"/>
      <line num="66" count="0" type="stmt"/>
      <line num="71" count="99" type="stmt"/>
      <line num="72" count="1" type="cond" truecount="1" falsecount="1"/>
      <line num="73" count="0" type="stmt"/>
      <line num="74" count="0" type="stmt"/>
      <line num="79" count="1" type="stmt"/>
      <line num="80" count="1" type="stmt"/>
      <line num="81" count="1" type="stmt"/>
      <line num="90" count="250" type="stmt"/>
      <line num="91" count="4" type="cond" truecount="1" falsecount="1"/>
      <line num="92" count="4" type="cond" truecount="2" falsecount="0"/>
      <line num="93" count="1" type="stmt"/>
      <line num="94" count="1" type="stmt"/>
      <line num="100" count="3" type="stmt"/>
      <line num="101" count="3" type="stmt"/>
      <line num="102" count="3" type="stmt"/>
      <line num="107" count="0" type="stmt"/>
      <line num="108" count="0" type="stmt"/>
      <line num="116" count="3" type="stmt"/>
      <line num="117" count="1" type="cond" truecount="1" falsecount="1"/>
      <line num="118" count="1" type="stmt"/>
      <line num="119" count="1" type="stmt"/>
      <line num="120" count="1" type="stmt"/>
      <line num="125" count="0" type="stmt"/>
      <line num="126" count="0" type="stmt"/>
      <line num="135" count="1" type="cond" truecount="1" falsecount="1"/>
      <line num="136" count="0" type="stmt"/>
      <line num="137" count="0" type="stmt"/>
      <line num="142" count="1" type="stmt"/>
      <line num="143" count="1" type="stmt"/>
      <line num="153" count="102" type="stmt"/>
      <line num="154" count="2" type="cond" truecount="2" falsecount="0"/>
      <line num="155" count="1" type="stmt"/>
      <line num="156" count="1" type="stmt"/>
      <line num="162" count="1" type="stmt"/>
      <line num="163" count="1" type="stmt"/>
      <line num="171" count="100" type="stmt"/>
      <line num="172" count="1" type="cond" truecount="1" falsecount="1"/>
      <line num="173" count="1" type="stmt"/>
      <line num="174" count="1" type="stmt"/>
      <line num="180" count="0" type="stmt"/>
      <line num="181" count="0" type="stmt"/>
      <line num="188" count="1" type="stmt"/>
      <line num="218" count="1" type="stmt"/>
      <line num="219" count="1" type="stmt"/>
      <line num="220" count="1" type="stmt"/>
      <line num="241" count="1" type="stmt"/>
    </file>
  </project>
</coverage>
