{"C:\\Users\\fudos\\Desktop\\test_design_patterns\\fetchBooks.js": {"path":"C:\\Users\\fudos\\Desktop\\test_design_patterns\\fetchBooks.js","statementMap":{"0":{"start":{"line":1,"column":19},"end":{"line":1,"column":21}},"1":{"start":{"line":4,"column":13},"end":{"line":4,"column":26}},"2":{"start":{"line":5,"column":20},"end":{"line":5,"column":66}},"3":{"start":{"line":6,"column":2},"end":{"line":6,"column":41}},"4":{"start":{"line":7,"column":2},"end":{"line":9,"column":5}},"5":{"start":{"line":8,"column":4},"end":{"line":8,"column":26}},"6":{"start":{"line":10,"column":2},"end":{"line":12,"column":4}},"7":{"start":{"line":15,"column":0},"end":{"line":15,"column":13}},"8":{"start":{"line":17,"column":0},"end":{"line":19,"column":2}}},"fnMap":{"0":{"name":"fetchBooks","decl":{"start":{"line":3,"column":9},"end":{"line":3,"column":19}},"loc":{"start":{"line":3,"column":22},"end":{"line":13,"column":1}},"line":3},"1":{"name":"(anonymous_1)","decl":{"start":{"line":7,"column":23},"end":{"line":7,"column":24}},"loc":{"start":{"line":7,"column":31},"end":{"line":9,"column":3}},"line":7}},"branchMap":{},"s":{"0":2,"1":2,"2":2,"3":2,"4":2,"5":198,"6":2,"7":2,"8":2},"f":{"0":2,"1":198},"b":{},"_coverageSchema":"1a1c01bbd47fc00a2c39e90264f33305004495a9","hash":"1f47842563fc3a672bbec33ce5b00ef1f7bc9a80"}
,"C:\\Users\\fudos\\Desktop\\test_design_patterns\\index.js": {"path":"C:\\Users\\fudos\\Desktop\\test_design_patterns\\index.js","statementMap":{"0":{"start":{"line":1,"column":17},"end":{"line":1,"column":40}},"1":{"start":{"line":4,"column":14},"end":{"line":197,"column":4}},"2":{"start":{"line":7,"column":15},"end":{"line":7,"column":29}},"3":{"start":{"line":11,"column":18},"end":{"line":20,"column":5}},"4":{"start":{"line":22,"column":4},"end":{"line":85,"column":5}},"5":{"start":{"line":23,"column":6},"end":{"line":23,"column":40}},"6":{"start":{"line":24,"column":6},"end":{"line":27,"column":8}},"7":{"start":{"line":28,"column":11},"end":{"line":85,"column":5}},"8":{"start":{"line":29,"column":6},"end":{"line":29,"column":39}},"9":{"start":{"line":30,"column":6},"end":{"line":33,"column":8}},"10":{"start":{"line":34,"column":11},"end":{"line":85,"column":5}},"11":{"start":{"line":35,"column":6},"end":{"line":35,"column":38}},"12":{"start":{"line":36,"column":6},"end":{"line":39,"column":8}},"13":{"start":{"line":40,"column":11},"end":{"line":85,"column":5}},"14":{"start":{"line":41,"column":6},"end":{"line":41,"column":39}},"15":{"start":{"line":42,"column":6},"end":{"line":45,"column":8}},"16":{"start":{"line":46,"column":11},"end":{"line":85,"column":5}},"17":{"start":{"line":47,"column":6},"end":{"line":47,"column":41}},"18":{"start":{"line":48,"column":6},"end":{"line":51,"column":8}},"19":{"start":{"line":52,"column":11},"end":{"line":85,"column":5}},"20":{"start":{"line":53,"column":6},"end":{"line":53,"column":42}},"21":{"start":{"line":54,"column":6},"end":{"line":57,"column":8}},"22":{"start":{"line":58,"column":11},"end":{"line":85,"column":5}},"23":{"start":{"line":59,"column":6},"end":{"line":59,"column":44}},"24":{"start":{"line":60,"column":6},"end":{"line":63,"column":8}},"25":{"start":{"line":64,"column":11},"end":{"line":85,"column":5}},"26":{"start":{"line":65,"column":6},"end":{"line":65,"column":38}},"27":{"start":{"line":66,"column":6},"end":{"line":69,"column":8}},"28":{"start":{"line":71,"column":22},"end":{"line":71,"column":71}},"29":{"start":{"line":71,"column":42},"end":{"line":71,"column":70}},"30":{"start":{"line":72,"column":6},"end":{"line":78,"column":7}},"31":{"start":{"line":73,"column":8},"end":{"line":73,"column":43}},"32":{"start":{"line":74,"column":8},"end":{"line":77,"column":10}},"33":{"start":{"line":79,"column":6},"end":{"line":79,"column":27}},"34":{"start":{"line":80,"column":6},"end":{"line":80,"column":45}},"35":{"start":{"line":81,"column":6},"end":{"line":84,"column":8}},"36":{"start":{"line":90,"column":15},"end":{"line":90,"column":56}},"37":{"start":{"line":90,"column":35},"end":{"line":90,"column":55}},"38":{"start":{"line":91,"column":4},"end":{"line":112,"column":5}},"39":{"start":{"line":92,"column":6},"end":{"line":98,"column":7}},"40":{"start":{"line":93,"column":8},"end":{"line":93,"column":63}},"41":{"start":{"line":94,"column":8},"end":{"line":97,"column":10}},"42":{"start":{"line":100,"column":6},"end":{"line":100,"column":27}},"43":{"start":{"line":101,"column":6},"end":{"line":101,"column":53}},"44":{"start":{"line":102,"column":6},"end":{"line":105,"column":8}},"45":{"start":{"line":107,"column":6},"end":{"line":107,"column":36}},"46":{"start":{"line":108,"column":6},"end":{"line":111,"column":8}},"47":{"start":{"line":116,"column":15},"end":{"line":116,"column":56}},"48":{"start":{"line":116,"column":35},"end":{"line":116,"column":55}},"49":{"start":{"line":117,"column":4},"end":{"line":130,"column":5}},"50":{"start":{"line":118,"column":6},"end":{"line":118,"column":28}},"51":{"start":{"line":119,"column":6},"end":{"line":119,"column":53}},"52":{"start":{"line":120,"column":6},"end":{"line":123,"column":8}},"53":{"start":{"line":125,"column":6},"end":{"line":125,"column":36}},"54":{"start":{"line":126,"column":6},"end":{"line":129,"column":8}},"55":{"start":{"line":135,"column":4},"end":{"line":148,"column":5}},"56":{"start":{"line":136,"column":6},"end":{"line":136,"column":41}},"57":{"start":{"line":137,"column":6},"end":{"line":140,"column":8}},"58":{"start":{"line":142,"column":6},"end":{"line":142,"column":46}},"59":{"start":{"line":143,"column":6},"end":{"line":147,"column":8}},"60":{"start":{"line":153,"column":15},"end":{"line":153,"column":56}},"61":{"start":{"line":153,"column":35},"end":{"line":153,"column":55}},"62":{"start":{"line":154,"column":4},"end":{"line":167,"column":5}},"63":{"start":{"line":155,"column":6},"end":{"line":155,"column":24}},"64":{"start":{"line":156,"column":6},"end":{"line":160,"column":8}},"65":{"start":{"line":162,"column":6},"end":{"line":162,"column":36}},"66":{"start":{"line":163,"column":6},"end":{"line":166,"column":8}},"67":{"start":{"line":171,"column":24},"end":{"line":171,"column":69}},"68":{"start":{"line":171,"column":46},"end":{"line":171,"column":68}},"69":{"start":{"line":172,"column":4},"end":{"line":185,"column":5}},"70":{"start":{"line":173,"column":6},"end":{"line":173,"column":33}},"71":{"start":{"line":174,"column":6},"end":{"line":178,"column":8}},"72":{"start":{"line":180,"column":6},"end":{"line":180,"column":65}},"73":{"start":{"line":181,"column":6},"end":{"line":184,"column":8}},"74":{"start":{"line":188,"column":2},"end":{"line":196,"column":4}},"75":{"start":{"line":218,"column":0},"end":{"line":218,"column":32}},"76":{"start":{"line":219,"column":0},"end":{"line":219,"column":29}},"77":{"start":{"line":220,"column":0},"end":{"line":220,"column":29}},"78":{"start":{"line":241,"column":0},"end":{"line":243,"column":2}}},"fnMap":{"0":{"name":"(anonymous_0)","decl":{"start":{"line":4,"column":15},"end":{"line":4,"column":16}},"loc":{"start":{"line":4,"column":27},"end":{"line":197,"column":1}},"line":4},"1":{"name":"addBooks","decl":{"start":{"line":10,"column":11},"end":{"line":10,"column":19}},"loc":{"start":{"line":10,"column":88},"end":{"line":86,"column":3}},"line":10},"2":{"name":"(anonymous_2)","decl":{"start":{"line":71,"column":34},"end":{"line":71,"column":35}},"loc":{"start":{"line":71,"column":42},"end":{"line":71,"column":70}},"line":71},"3":{"name":"borrowBook","decl":{"start":{"line":89,"column":11},"end":{"line":89,"column":21}},"loc":{"start":{"line":89,"column":29},"end":{"line":113,"column":3}},"line":89},"4":{"name":"(anonymous_4)","decl":{"start":{"line":90,"column":27},"end":{"line":90,"column":28}},"loc":{"start":{"line":90,"column":35},"end":{"line":90,"column":55}},"line":90},"5":{"name":"returnBook","decl":{"start":{"line":115,"column":11},"end":{"line":115,"column":21}},"loc":{"start":{"line":115,"column":29},"end":{"line":131,"column":3}},"line":115},"6":{"name":"(anonymous_6)","decl":{"start":{"line":116,"column":27},"end":{"line":116,"column":28}},"loc":{"start":{"line":116,"column":35},"end":{"line":116,"column":55}},"line":116},"7":{"name":"viewAllBooks","decl":{"start":{"line":133,"column":11},"end":{"line":133,"column":23}},"loc":{"start":{"line":133,"column":26},"end":{"line":150,"column":3}},"line":133},"8":{"name":"viewOneBook","decl":{"start":{"line":152,"column":11},"end":{"line":152,"column":22}},"loc":{"start":{"line":152,"column":30},"end":{"line":168,"column":3}},"line":152},"9":{"name":"(anonymous_9)","decl":{"start":{"line":153,"column":27},"end":{"line":153,"column":28}},"loc":{"start":{"line":153,"column":35},"end":{"line":153,"column":55}},"line":153},"10":{"name":"viewBorrowedBooks","decl":{"start":{"line":170,"column":11},"end":{"line":170,"column":28}},"loc":{"start":{"line":170,"column":31},"end":{"line":186,"column":3}},"line":170},"11":{"name":"(anonymous_11)","decl":{"start":{"line":171,"column":38},"end":{"line":171,"column":39}},"loc":{"start":{"line":171,"column":46},"end":{"line":171,"column":68}},"line":171}},"branchMap":{"0":{"loc":{"start":{"line":22,"column":4},"end":{"line":85,"column":5}},"type":"if","locations":[{"start":{"line":22,"column":4},"end":{"line":85,"column":5}},{"start":{"line":28,"column":11},"end":{"line":85,"column":5}}],"line":22},"1":{"loc":{"start":{"line":28,"column":11},"end":{"line":85,"column":5}},"type":"if","locations":[{"start":{"line":28,"column":11},"end":{"line":85,"column":5}},{"start":{"line":34,"column":11},"end":{"line":85,"column":5}}],"line":28},"2":{"loc":{"start":{"line":34,"column":11},"end":{"line":85,"column":5}},"type":"if","locations":[{"start":{"line":34,"column":11},"end":{"line":85,"column":5}},{"start":{"line":40,"column":11},"end":{"line":85,"column":5}}],"line":34},"3":{"loc":{"start":{"line":40,"column":11},"end":{"line":85,"column":5}},"type":"if","locations":[{"start":{"line":40,"column":11},"end":{"line":85,"column":5}},{"start":{"line":46,"column":11},"end":{"line":85,"column":5}}],"line":40},"4":{"loc":{"start":{"line":46,"column":11},"end":{"line":85,"column":5}},"type":"if","locations":[{"start":{"line":46,"column":11},"end":{"line":85,"column":5}},{"start":{"line":52,"column":11},"end":{"line":85,"column":5}}],"line":46},"5":{"loc":{"start":{"line":52,"column":11},"end":{"line":85,"column":5}},"type":"if","locations":[{"start":{"line":52,"column":11},"end":{"line":85,"column":5}},{"start":{"line":58,"column":11},"end":{"line":85,"column":5}}],"line":52},"6":{"loc":{"start":{"line":58,"column":11},"end":{"line":85,"column":5}},"type":"if","locations":[{"start":{"line":58,"column":11},"end":{"line":85,"column":5}},{"start":{"line":64,"column":11},"end":{"line":85,"column":5}}],"line":58},"7":{"loc":{"start":{"line":64,"column":11},"end":{"line":85,"column":5}},"type":"if","locations":[{"start":{"line":64,"column":11},"end":{"line":85,"column":5}},{"start":{"line":70,"column":10},"end":{"line":85,"column":5}}],"line":64},"8":{"loc":{"start":{"line":72,"column":6},"end":{"line":78,"column":7}},"type":"if","locations":[{"start":{"line":72,"column":6},"end":{"line":78,"column":7}},{"start":{},"end":{}}],"line":72},"9":{"loc":{"start":{"line":91,"column":4},"end":{"line":112,"column":5}},"type":"if","locations":[{"start":{"line":91,"column":4},"end":{"line":112,"column":5}},{"start":{"line":106,"column":11},"end":{"line":112,"column":5}}],"line":91},"10":{"loc":{"start":{"line":92,"column":6},"end":{"line":98,"column":7}},"type":"if","locations":[{"start":{"line":92,"column":6},"end":{"line":98,"column":7}},{"start":{},"end":{}}],"line":92},"11":{"loc":{"start":{"line":117,"column":4},"end":{"line":130,"column":5}},"type":"if","locations":[{"start":{"line":117,"column":4},"end":{"line":130,"column":5}},{"start":{"line":124,"column":11},"end":{"line":130,"column":5}}],"line":117},"12":{"loc":{"start":{"line":135,"column":4},"end":{"line":148,"column":5}},"type":"if","locations":[{"start":{"line":135,"column":4},"end":{"line":148,"column":5}},{"start":{"line":141,"column":11},"end":{"line":148,"column":5}}],"line":135},"13":{"loc":{"start":{"line":154,"column":4},"end":{"line":167,"column":5}},"type":"if","locations":[{"start":{"line":154,"column":4},"end":{"line":167,"column":5}},{"start":{"line":161,"column":11},"end":{"line":167,"column":5}}],"line":154},"14":{"loc":{"start":{"line":172,"column":4},"end":{"line":185,"column":5}},"type":"if","locations":[{"start":{"line":172,"column":4},"end":{"line":185,"column":5}},{"start":{"line":179,"column":11},"end":{"line":185,"column":5}}],"line":172}},"s":{"0":1,"1":1,"2":1,"3":1,"4":1,"5":0,"6":0,"7":1,"8":0,"9":0,"10":1,"11":0,"12":0,"13":1,"14":0,"15":0,"16":1,"17":0,"18":0,"19":1,"20":0,"21":0,"22":1,"23":0,"24":0,"25":1,"26":0,"27":0,"28":1,"29":99,"30":1,"31":0,"32":0,"33":1,"34":1,"35":1,"36":4,"37":250,"38":4,"39":4,"40":1,"41":1,"42":3,"43":3,"44":3,"45":0,"46":0,"47":1,"48":3,"49":1,"50":1,"51":1,"52":1,"53":0,"54":0,"55":1,"56":0,"57":0,"58":1,"59":1,"60":2,"61":102,"62":2,"63":1,"64":1,"65":1,"66":1,"67":1,"68":100,"69":1,"70":1,"71":1,"72":0,"73":0,"74":1,"75":1,"76":1,"77":1,"78":1},"f":{"0":1,"1":1,"2":99,"3":4,"4":250,"5":1,"6":3,"7":1,"8":2,"9":102,"10":1,"11":100},"b":{"0":[0,1],"1":[0,1],"2":[0,1],"3":[0,1],"4":[0,1],"5":[0,1],"6":[0,1],"7":[0,1],"8":[0,1],"9":[4,0],"10":[1,3],"11":[1,0],"12":[0,1],"13":[1,1],"14":[1,0]},"_coverageSchema":"1a1c01bbd47fc00a2c39e90264f33305004495a9","hash":"5a84f153abfb974fde5160fd89de0f887428abf3"}
}
