TN:
SF:fetchBooks.js
FN:3,fetchBooks
FN:7,(anonymous_1)
FNF:2
FNH:2
FNDA:2,fetchBooks
FNDA:198,(anonymous_1)
DA:1,2
DA:4,2
DA:5,2
DA:6,2
DA:7,2
DA:8,198
DA:10,2
DA:15,2
DA:17,2
LF:9
LH:9
BRF:0
BRH:0
end_of_record
TN:
SF:index.js
FN:4,(anonymous_0)
FN:10,addBooks
FN:71,(anonymous_2)
FN:89,borrowBook
FN:90,(anonymous_4)
FN:115,returnBook
FN:116,(anonymous_6)
FN:133,viewAllBooks
FN:152,viewOneBook
FN:153,(anonymous_9)
FN:170,viewBorrowedBooks
FN:171,(anonymous_11)
FNF:12
FNH:12
FNDA:1,(anonymous_0)
FNDA:1,addBooks
FNDA:99,(anonymous_2)
FNDA:4,borrowBook
FNDA:250,(anonymous_4)
FNDA:1,returnBook
FNDA:3,(anonymous_6)
FNDA:1,viewAllBooks
FNDA:2,viewOneBook
FNDA:102,(anonymous_9)
FNDA:1,viewBorrowedBooks
FNDA:100,(anonymous_11)
DA:1,1
DA:4,1
DA:7,1
DA:11,1
DA:22,1
DA:23,0
DA:24,0
DA:28,1
DA:29,0
DA:30,0
DA:34,1
DA:35,0
DA:36,0
DA:40,1
DA:41,0
DA:42,0
DA:46,1
DA:47,0
DA:48,0
DA:52,1
DA:53,0
DA:54,0
DA:58,1
DA:59,0
DA:60,0
DA:64,1
DA:65,0
DA:66,0
DA:71,99
DA:72,1
DA:73,0
DA:74,0
DA:79,1
DA:80,1
DA:81,1
DA:90,250
DA:91,4
DA:92,4
DA:93,1
DA:94,1
DA:100,3
DA:101,3
DA:102,3
DA:107,0
DA:108,0
DA:116,3
DA:117,1
DA:118,1
DA:119,1
DA:120,1
DA:125,0
DA:126,0
DA:135,1
DA:136,0
DA:137,0
DA:142,1
DA:143,1
DA:153,102
DA:154,2
DA:155,1
DA:156,1
DA:162,1
DA:163,1
DA:171,100
DA:172,1
DA:173,1
DA:174,1
DA:180,0
DA:181,0
DA:188,1
DA:218,1
DA:219,1
DA:220,1
DA:241,1
LF:74
LH:48
BRDA:22,0,0,0
BRDA:22,0,1,1
BRDA:28,1,0,0
BRDA:28,1,1,1
BRDA:34,2,0,0
BRDA:34,2,1,1
BRDA:40,3,0,0
BRDA:40,3,1,1
BRDA:46,4,0,0
BRDA:46,4,1,1
BRDA:52,5,0,0
BRDA:52,5,1,1
BRDA:58,6,0,0
BRDA:58,6,1,1
BRDA:64,7,0,0
BRDA:64,7,1,1
BRDA:72,8,0,0
BRDA:72,8,1,1
BRDA:91,9,0,4
BRDA:91,9,1,0
BRDA:92,10,0,1
BRDA:92,10,1,3
BRDA:117,11,0,1
BRDA:117,11,1,0
BRDA:135,12,0,0
BRDA:135,12,1,1
BRDA:154,13,0,1
BRDA:154,13,1,1
BRDA:172,14,0,1
BRDA:172,14,1,0
BRF:30
BRH:17
end_of_record
